Oct 26 2024 07:06:16
{"type":2,"message":"Undefined array key 2","file":"C:\\MAMP\\htdocs\\aury\\wp-content\\plugins\\hostinger\\hostinger.php","line":56}

Oct 26 2024 07:06:16
{"type":2,"message":"Undefined array key 2","file":"C:\\MAMP\\htdocs\\aury\\wp-content\\plugins\\hostinger\\hostinger.php","line":56}

Oct 26 2024 07:06:17
{"type":2,"message":"Undefined array key 2","file":"C:\\MAMP\\htdocs\\aury\\wp-content\\plugins\\hostinger\\hostinger.php","line":56}

Oct 26 2024 07:06:17
{"type":2,"message":"Undefined array key 2","file":"C:\\MAMP\\htdocs\\aury\\wp-content\\plugins\\hostinger\\hostinger.php","line":56}

Oct 26 2024 07:06:18
{"type":2,"message":"Undefined array key 2","file":"C:\\MAMP\\htdocs\\aury\\wp-content\\plugins\\hostinger\\hostinger.php","line":56}

Oct 26 2024 07:06:29
{"type":2,"message":"Undefined array key 2","file":"C:\\MAMP\\htdocs\\aury\\wp-content\\plugins\\hostinger\\hostinger.php","line":56}

Oct 26 2024 07:06:39
{"type":2,"message":"Undefined array key 2","file":"C:\\MAMP\\htdocs\\aury\\wp-content\\plugins\\hostinger\\hostinger.php","line":56}

Oct 26 2024 07:06:49
{"type":2,"message":"Undefined array key 2","file":"C:\\MAMP\\htdocs\\aury\\wp-content\\plugins\\hostinger\\hostinger.php","line":56}

Oct 26 2024 07:07:00
{"type":2,"message":"Undefined array key 2","file":"C:\\MAMP\\htdocs\\aury\\wp-content\\plugins\\hostinger\\hostinger.php","line":56}

Oct 26 2024 07:07:02
{"type":2,"message":"Undefined array key 2","file":"C:\\MAMP\\htdocs\\aury\\wp-content\\plugins\\hostinger\\hostinger.php","line":56}

Oct 26 2024 07:07:02
{"type":2,"message":"Undefined array key 2","file":"C:\\MAMP\\htdocs\\aury\\wp-content\\plugins\\hostinger\\hostinger.php","line":56}

Oct 26 2024 07:07:03
{"type":2,"message":"Undefined array key 2","file":"C:\\MAMP\\htdocs\\aury\\wp-content\\plugins\\hostinger\\hostinger.php","line":56}

Oct 26 2024 07:07:03
{"type":2,"message":"Undefined array key 2","file":"C:\\MAMP\\htdocs\\aury\\wp-content\\plugins\\hostinger\\hostinger.php","line":56}

Oct 26 2024 07:07:04
{"type":2,"message":"Undefined array key 2","file":"C:\\MAMP\\htdocs\\aury\\wp-content\\plugins\\hostinger\\hostinger.php","line":56}

Oct 26 2024 21:16:18
{"type":2,"message":"Undefined array key 2","file":"C:\\MAMP\\htdocs\\aury\\wp-content\\plugins\\hostinger\\hostinger.php","line":56}

Oct 26 2024 21:16:18
{"type":2,"message":"Undefined array key 2","file":"C:\\MAMP\\htdocs\\aury\\wp-content\\plugins\\hostinger\\hostinger.php","line":56}

Oct 26 2024 21:16:19
{"type":2,"message":"Undefined array key 2","file":"C:\\MAMP\\htdocs\\aury\\wp-content\\plugins\\hostinger\\hostinger.php","line":56}

Oct 26 2024 21:16:19
{"type":2,"message":"Undefined array key 2","file":"C:\\MAMP\\htdocs\\aury\\wp-content\\plugins\\hostinger\\hostinger.php","line":56}

Oct 26 2024 21:16:20
{"type":2,"message":"Undefined array key 2","file":"C:\\MAMP\\htdocs\\aury\\wp-content\\plugins\\hostinger\\hostinger.php","line":56}

Oct 26 2024 21:16:30
{"type":2,"message":"Undefined array key 2","file":"C:\\MAMP\\htdocs\\aury\\wp-content\\plugins\\hostinger\\hostinger.php","line":56}

Oct 26 2024 21:16:41
{"type":2,"message":"Undefined array key 2","file":"C:\\MAMP\\htdocs\\aury\\wp-content\\plugins\\hostinger\\hostinger.php","line":56}

Oct 26 2024 21:16:51
{"type":2,"message":"Undefined array key 2","file":"C:\\MAMP\\htdocs\\aury\\wp-content\\plugins\\hostinger\\hostinger.php","line":56}

Oct 26 2024 21:17:02
{"type":2,"message":"Undefined array key 2","file":"C:\\MAMP\\htdocs\\aury\\wp-content\\plugins\\hostinger\\hostinger.php","line":56}

Oct 26 2024 21:17:12
{"type":2,"message":"Undefined array key 2","file":"C:\\MAMP\\htdocs\\aury\\wp-content\\plugins\\hostinger\\hostinger.php","line":56}

Oct 26 2024 21:17:12
{"type":2,"message":"Undefined array key 2","file":"C:\\MAMP\\htdocs\\aury\\wp-content\\plugins\\hostinger\\hostinger.php","line":56}

Oct 26 2024 21:17:13
{"type":2,"message":"Undefined array key 2","file":"C:\\MAMP\\htdocs\\aury\\wp-content\\plugins\\hostinger\\hostinger.php","line":56}

Oct 26 2024 21:17:13
{"type":2,"message":"Undefined array key 2","file":"C:\\MAMP\\htdocs\\aury\\wp-content\\plugins\\hostinger\\hostinger.php","line":56}

Oct 26 2024 21:17:14
{"type":2,"message":"Undefined array key 2","file":"C:\\MAMP\\htdocs\\aury\\wp-content\\plugins\\hostinger\\hostinger.php","line":56}

Oct 28 2024 13:06:04
{"type":2,"message":"Undefined array key 2","file":"C:\\MAMP\\htdocs\\aury\\wp-content\\plugins\\hostinger\\hostinger.php","line":56}

Oct 28 2024 13:06:05
{"type":2,"message":"Undefined array key 2","file":"C:\\MAMP\\htdocs\\aury\\wp-content\\plugins\\hostinger\\hostinger.php","line":56}

Oct 28 2024 13:06:05
{"type":2,"message":"Undefined array key 2","file":"C:\\MAMP\\htdocs\\aury\\wp-content\\plugins\\hostinger\\hostinger.php","line":56}

Oct 28 2024 13:06:05
{"type":2,"message":"Undefined array key 2","file":"C:\\MAMP\\htdocs\\aury\\wp-content\\plugins\\hostinger\\hostinger.php","line":56}

Oct 28 2024 13:06:06
{"type":2,"message":"Undefined array key 2","file":"C:\\MAMP\\htdocs\\aury\\wp-content\\plugins\\hostinger\\hostinger.php","line":56}

Oct 28 2024 13:06:17
{"type":2,"message":"Undefined array key 2","file":"C:\\MAMP\\htdocs\\aury\\wp-content\\plugins\\hostinger\\hostinger.php","line":56}

Oct 28 2024 13:06:27
{"type":2,"message":"Undefined array key 2","file":"C:\\MAMP\\htdocs\\aury\\wp-content\\plugins\\hostinger\\hostinger.php","line":56}

Oct 28 2024 13:06:38
{"type":2,"message":"Undefined array key 2","file":"C:\\MAMP\\htdocs\\aury\\wp-content\\plugins\\hostinger\\hostinger.php","line":56}

Oct 28 2024 13:06:48
{"type":2,"message":"Undefined array key 2","file":"C:\\MAMP\\htdocs\\aury\\wp-content\\plugins\\hostinger\\hostinger.php","line":56}

Oct 28 2024 13:06:58
{"type":2,"message":"Undefined array key 2","file":"C:\\MAMP\\htdocs\\aury\\wp-content\\plugins\\hostinger\\hostinger.php","line":56}

Oct 28 2024 13:07:04
{"type":2,"message":"Undefined array key 2","file":"C:\\MAMP\\htdocs\\aury\\wp-content\\plugins\\hostinger\\hostinger.php","line":56}

Oct 28 2024 13:07:04
{"type":2,"message":"Undefined array key 2","file":"C:\\MAMP\\htdocs\\aury\\wp-content\\plugins\\hostinger\\hostinger.php","line":56}

Oct 28 2024 13:07:04
{"type":2,"message":"Undefined array key 2","file":"C:\\MAMP\\htdocs\\aury\\wp-content\\plugins\\hostinger\\hostinger.php","line":56}

Oct 28 2024 13:07:05
{"type":2,"message":"Undefined array key 2","file":"C:\\MAMP\\htdocs\\aury\\wp-content\\plugins\\hostinger\\hostinger.php","line":56}

Oct 28 2024 13:07:05
{"type":2,"message":"Undefined array key 2","file":"C:\\MAMP\\htdocs\\aury\\wp-content\\plugins\\hostinger\\hostinger.php","line":56}

Oct 28 2024 13:10:43
{"type":2,"message":"Undefined array key 2","file":"C:\\MAMP\\htdocs\\aury\\wp-content\\plugins\\hostinger\\hostinger.php","line":56}

Oct 28 2024 13:10:44
{"type":2,"message":"Undefined array key 2","file":"C:\\MAMP\\htdocs\\aury\\wp-content\\plugins\\hostinger\\hostinger.php","line":56}

Oct 28 2024 13:10:44
{"type":2,"message":"Undefined array key 2","file":"C:\\MAMP\\htdocs\\aury\\wp-content\\plugins\\hostinger\\hostinger.php","line":56}

Oct 28 2024 13:10:45
{"type":2,"message":"Undefined array key 2","file":"C:\\MAMP\\htdocs\\aury\\wp-content\\plugins\\hostinger\\hostinger.php","line":56}

Oct 28 2024 13:10:46
{"type":2,"message":"Undefined array key 2","file":"C:\\MAMP\\htdocs\\aury\\wp-content\\plugins\\hostinger\\hostinger.php","line":56}

Oct 28 2024 13:10:47
{"type":2,"message":"Undefined array key 2","file":"C:\\MAMP\\htdocs\\aury\\wp-content\\plugins\\hostinger\\hostinger.php","line":56}

Oct 28 2024 13:10:48
{"type":2,"message":"Undefined array key 2","file":"C:\\MAMP\\htdocs\\aury\\wp-content\\plugins\\hostinger\\hostinger.php","line":56}

Oct 28 2024 13:10:48
{"type":2,"message":"Undefined array key 2","file":"C:\\MAMP\\htdocs\\aury\\wp-content\\plugins\\hostinger\\hostinger.php","line":56}

Oct 28 2024 13:10:49
{"type":2,"message":"Undefined array key 2","file":"C:\\MAMP\\htdocs\\aury\\wp-content\\plugins\\hostinger\\hostinger.php","line":56}

Oct 28 2024 13:10:49
{"type":2,"message":"Undefined array key 2","file":"C:\\MAMP\\htdocs\\aury\\wp-content\\plugins\\hostinger\\hostinger.php","line":56}

Nov 26 2024 23:04:10
{"type":2,"message":"Undefined array key 2","file":"C:\\MAMP\\htdocs\\aury\\wp-content\\plugins\\hostinger\\hostinger.php","line":56}

Nov 26 2024 23:04:10
{"type":2,"message":"Undefined array key 2","file":"C:\\MAMP\\htdocs\\aury\\wp-content\\plugins\\hostinger\\hostinger.php","line":56}

Nov 26 2024 23:04:11
{"type":2,"message":"Undefined array key 2","file":"C:\\MAMP\\htdocs\\aury\\wp-content\\plugins\\hostinger\\hostinger.php","line":56}

Nov 26 2024 23:04:11
{"type":2,"message":"Undefined array key 2","file":"C:\\MAMP\\htdocs\\aury\\wp-content\\plugins\\hostinger\\hostinger.php","line":56}

Nov 26 2024 23:04:12
{"type":2,"message":"Undefined array key 2","file":"C:\\MAMP\\htdocs\\aury\\wp-content\\plugins\\hostinger\\hostinger.php","line":56}

Nov 26 2024 23:04:22
{"type":2,"message":"Undefined array key 2","file":"C:\\MAMP\\htdocs\\aury\\wp-content\\plugins\\hostinger\\hostinger.php","line":56}

Nov 26 2024 23:04:30
{"Number":2,"Message":"rmdir(C:\\MAMP\\htdocs\\aury\\wp-content\\plugins\\All-In-One-WP-Migration-With-Import-master\\storage\\vo8zxky0wiv8): Directory not empty","File":"C:\\MAMP\\htdocs\\aury\\wp-content\\plugins\\All-In-One-WP-Migration-With-Import-master\\lib\\vendor\\servmask\\filesystem\\class-ai1wm-directory.php","Line":60}

Nov 26 2024 23:04:30
{"type":2,"message":"Undefined array key 2","file":"C:\\MAMP\\htdocs\\aury\\wp-content\\plugins\\hostinger\\hostinger.php","line":56}

Nov 26 2024 23:04:33
{"Number":2,"Message":"filesize(): stat failed for C:\\MAMP\\htdocs\\aury\\wp-content\\plugins\\All-In-One-WP-Migration-With-Import-master\\storage\\vo8zxky0wiv8\\localhost-aury-20241126-230410-259.wpress","File":"C:\\MAMP\\htdocs\\aury\\wp-content\\plugins\\All-In-One-WP-Migration-With-Import-master\\lib\\vendor\\servmask\\archiver\\class-ai1wm-archiver.php","Line":217}

Nov 26 2024 23:04:33
{"type":2,"message":"Undefined array key 2","file":"C:\\MAMP\\htdocs\\aury\\wp-content\\plugins\\hostinger\\hostinger.php","line":56}

Nov 26 2024 23:13:08
{"type":2,"message":"Undefined array key 2","file":"C:\\MAMP\\htdocs\\aury\\wp-content\\plugins\\hostinger\\hostinger.php","line":56}

Nov 26 2024 23:13:09
{"type":2,"message":"Undefined array key 2","file":"C:\\MAMP\\htdocs\\aury\\wp-content\\plugins\\hostinger\\hostinger.php","line":56}

Nov 26 2024 23:13:09
{"type":2,"message":"Undefined array key 2","file":"C:\\MAMP\\htdocs\\aury\\wp-content\\plugins\\hostinger\\hostinger.php","line":56}

Nov 26 2024 23:13:09
{"type":2,"message":"Undefined array key 2","file":"C:\\MAMP\\htdocs\\aury\\wp-content\\plugins\\hostinger\\hostinger.php","line":56}

Nov 26 2024 23:13:10
{"type":2,"message":"Undefined array key 2","file":"C:\\MAMP\\htdocs\\aury\\wp-content\\plugins\\hostinger\\hostinger.php","line":56}

Nov 26 2024 23:13:20
{"type":2,"message":"Undefined array key 2","file":"C:\\MAMP\\htdocs\\aury\\wp-content\\plugins\\hostinger\\hostinger.php","line":56}

Nov 26 2024 23:13:22
{"type":2,"message":"Undefined array key 2","file":"C:\\MAMP\\htdocs\\aury\\wp-content\\plugins\\hostinger\\hostinger.php","line":56}

Nov 26 2024 23:13:22
{"type":2,"message":"Undefined array key 2","file":"C:\\MAMP\\htdocs\\aury\\wp-content\\plugins\\hostinger\\hostinger.php","line":56}

Nov 26 2024 23:13:22
{"type":2,"message":"Undefined array key 2","file":"C:\\MAMP\\htdocs\\aury\\wp-content\\plugins\\hostinger\\hostinger.php","line":56}

Nov 26 2024 23:13:23
{"type":2,"message":"Undefined array key 2","file":"C:\\MAMP\\htdocs\\aury\\wp-content\\plugins\\hostinger\\hostinger.php","line":56}

Nov 26 2024 23:13:23
{"type":2,"message":"Undefined array key 2","file":"C:\\MAMP\\htdocs\\aury\\wp-content\\plugins\\hostinger\\hostinger.php","line":56}

